<?xml version="1.0" encoding="UTF-8"?>
<!-- Generated by org.testng.reporters.JUnitReportReporter -->
<testsuite hostname="Lenovo-ideapad-330-15ICH" failures="0" tests="2" name="za.co.commandquality.AssetManagement.RestControllerTest" time="0.008" errors="0" timestamp="2021-09-14T11:13:20 SAST" skipped="0">
  <testcase classname="za.co.commandquality.AssetManagement.RestControllerTest" name="Setup" time="0.006"/>
  <system-out/>
  <testcase classname="za.co.commandquality.AssetManagement.RestControllerTest" name="ObjectsTests" time="0.002"/>
  <system-out/>
</testsuite> <!-- za.co.commandquality.AssetManagement.RestControllerTest -->
