<?xml version="1.0" encoding="UTF-8"?>
<!-- Generated by org.testng.reporters.JUnitReportReporter -->
<testsuite hostname="Lenovo-ideapad-330-15ICH" failures="0" tests="7" name="za.co.commandquality.NewTests.Testings" time="0.665" errors="0" timestamp="2021-09-15T00:35:28 SAST" skipped="0">
  <testcase classname="za.co.commandquality.NewTests.Testings" name="ResponseBodyTest" time="0.185"/>
  <system-out/>
  <testcase classname="za.co.commandquality.NewTests.Testings" name="statusCodeTest" time="0.008"/>
  <system-out/>
  <testcase classname="za.co.commandquality.NewTests.Testings" name="SwaggerApiDocResponseStatusCodeTest" time="0.160"/>
  <system-out/>
  <testcase classname="za.co.commandquality.NewTests.Testings" name="contextLoads" time="0.000"/>
  <system-out/>
  <testcase classname="za.co.commandquality.NewTests.Testings" name="getAllUserListTest" time="0.152"/>
  <system-out/>
  <testcase classname="za.co.commandquality.NewTests.Testings" name="Swagger_ui_response_test" time="0.050"/>
  <system-out/>
  <testcase classname="za.co.commandquality.NewTests.Testings" name="getUserByIdTest" time="0.110"/>
  <system-out/>
</testsuite> <!-- za.co.commandquality.NewTests.Testings -->
