<?xml version="1.0" encoding="UTF-8"?>
<!-- Generated by org.testng.reporters.JUnitReportReporter -->
<testsuite hostname="Lenovo-ideapad-330-15ICH" failures="0" tests="1" name="za.co.commandquality.AssetManagement.RestControllerTest" time="0.001" errors="0" timestamp="2021-09-15T00:35:28 SAST" skipped="0">
  <testcase classname="za.co.commandquality.AssetManagement.RestControllerTest" name="ObjectsTests" time="0.001"/>
  <system-out/>
</testsuite> <!-- za.co.commandquality.AssetManagement.RestControllerTest -->
